<?xml version="1.0" encoding="UTF-8"?>
<!-- Generated by org.testng.reporters.JUnitReportReporter -->
<testsuite hostname="953b57373248" failures="0" tests="6" name="org.learn.tests.vendorportal.VendorPortalTest" time="22.032" errors="0" timestamp="2024-11-01T16:28:05 GMT" skipped="0">
  <testcase classname="org.learn.tests.vendorportal.VendorPortalTest" name="dashboardTest" time="3.551"/>
  <testcase classname="org.learn.tests.vendorportal.VendorPortalTest" name="userLoginTest" time="1.608"/>
  <testcase classname="org.learn.tests.vendorportal.VendorPortalTest" name="userLoginTest" time="1.376"/>
  <testcase classname="org.learn.tests.vendorportal.VendorPortalTest" name="dashboardTest" time="7.863"/>
  <testcase classname="org.learn.tests.vendorportal.VendorPortalTest" name="userLoginTest" time="1.574"/>
  <testcase classname="org.learn.tests.vendorportal.VendorPortalTest" name="dashboardTest" time="6.060"/>
</testsuite> <!-- org.learn.tests.vendorportal.VendorPortalTest -->
